[2023-05-10T04:13:45.689+0000] {manager.py:483} INFO - Processing files using up to 20 processes at a time 
[2023-05-10T04:13:45.692+0000] {manager.py:484} INFO - Process each file at most once every 30 seconds
[2023-05-10T04:13:45.692+0000] {manager.py:486} INFO - Checking for new files in /opt/airflow/dags every 300 seconds
[2023-05-10T04:13:45.693+0000] {manager.py:724} INFO - Searching for files in /opt/airflow/dags
[2023-05-10T04:13:45.697+0000] {manager.py:727} INFO - There are 4 files in /opt/airflow/dags
[2023-05-10T04:13:45.815+0000] {manager.py:846} INFO - 
================================================================================
DAG File Processing Stats

File Path                               PID  Runtime      # DAGs    # Errors  Last Runtime    Last Run
------------------------------------  -----  ---------  --------  ----------  --------------  ----------
/opt/airflow/dags/fetch_data_dag.py      50  0.06s             0           0
/opt/airflow/dags/speed_layer_dag.py     51  0.04s             0           0
/opt/airflow/dags/batch_layer_dag.py     49  0.06s             0           0
/opt/airflow/dags/kafka_jobs_dag.py      52  0.04s             0           0
================================================================================
[2023-05-10T04:14:16.298+0000] {manager.py:846} INFO - 
================================================================================
DAG File Processing Stats

File Path                             PID    Runtime      # DAGs    # Errors  Last Runtime    Last Run
------------------------------------  -----  ---------  --------  ----------  --------------  -------------------
/opt/airflow/dags/fetch_data_dag.py                            1           0  3.43s           2023-05-10T04:13:49
/opt/airflow/dags/speed_layer_dag.py                           1           0  0.81s           2023-05-10T04:13:46
/opt/airflow/dags/batch_layer_dag.py                           1           0  0.85s           2023-05-10T04:13:46
/opt/airflow/dags/kafka_jobs_dag.py                            1           0  0.82s           2023-05-10T04:13:46
================================================================================
[2023-05-10T04:14:46.825+0000] {manager.py:846} INFO - 
================================================================================
DAG File Processing Stats

File Path                             PID    Runtime      # DAGs    # Errors  Last Runtime    Last Run
------------------------------------  -----  ---------  --------  ----------  --------------  -------------------
/opt/airflow/dags/fetch_data_dag.py                            1           0  0.72s           2023-05-10T04:14:20
/opt/airflow/dags/speed_layer_dag.py                           1           0  0.24s           2023-05-10T04:14:16
/opt/airflow/dags/batch_layer_dag.py                           1           0  0.25s           2023-05-10T04:14:16
/opt/airflow/dags/kafka_jobs_dag.py                            1           0  0.24s           2023-05-10T04:14:16
================================================================================
[2023-05-10T04:15:16.975+0000] {manager.py:846} INFO - 
================================================================================
DAG File Processing Stats

File Path                             PID    Runtime      # DAGs    # Errors  Last Runtime    Last Run
------------------------------------  -----  ---------  --------  ----------  --------------  -------------------
/opt/airflow/dags/fetch_data_dag.py                            1           0  0.73s           2023-05-10T04:14:51
/opt/airflow/dags/speed_layer_dag.py                           1           0  0.17s           2023-05-10T04:14:47
/opt/airflow/dags/batch_layer_dag.py                           1           0  0.17s           2023-05-10T04:14:47
/opt/airflow/dags/kafka_jobs_dag.py                            1           0  0.16s           2023-05-10T04:14:47
================================================================================
[2023-05-10T04:15:47.498+0000] {manager.py:846} INFO - 
================================================================================
DAG File Processing Stats

File Path                             PID    Runtime      # DAGs    # Errors  Last Runtime    Last Run
------------------------------------  -----  ---------  --------  ----------  --------------  -------------------
/opt/airflow/dags/fetch_data_dag.py                            1           0  0.81s           2023-05-10T04:15:23
/opt/airflow/dags/speed_layer_dag.py                           1           0  0.14s           2023-05-10T04:15:17
/opt/airflow/dags/batch_layer_dag.py                           1           0  0.16s           2023-05-10T04:15:17
/opt/airflow/dags/kafka_jobs_dag.py                            1           0  0.15s           2023-05-10T04:15:17
================================================================================
[2023-05-10T04:16:17.288+0000] {manager.py:465} INFO - Exiting gracefully upon receiving signal 15
[2023-05-10T04:17:32.285+0000] {manager.py:483} INFO - Processing files using up to 20 processes at a time 
[2023-05-10T04:17:32.291+0000] {manager.py:484} INFO - Process each file at most once every 30 seconds
[2023-05-10T04:17:32.292+0000] {manager.py:486} INFO - Checking for new files in /opt/airflow/dags every 300 seconds
[2023-05-10T04:17:32.293+0000] {manager.py:724} INFO - Searching for files in /opt/airflow/dags
[2023-05-10T04:17:32.301+0000] {manager.py:727} INFO - There are 4 files in /opt/airflow/dags
[2023-05-10T04:17:32.473+0000] {manager.py:846} INFO - 
================================================================================
DAG File Processing Stats

File Path                               PID  Runtime      # DAGs    # Errors  Last Runtime    Last Run
------------------------------------  -----  ---------  --------  ----------  --------------  ----------
/opt/airflow/dags/fetch_data_dag.py      50  0.06s             0           0
/opt/airflow/dags/speed_layer_dag.py     51  0.05s             0           0
/opt/airflow/dags/batch_layer_dag.py     49  0.07s             0           0
/opt/airflow/dags/kafka_jobs_dag.py      52  0.04s             0           0
================================================================================
[2023-05-10T04:18:02.605+0000] {manager.py:846} INFO - 
================================================================================
DAG File Processing Stats

File Path                             PID    Runtime      # DAGs    # Errors  Last Runtime    Last Run
------------------------------------  -----  ---------  --------  ----------  --------------  -------------------
/opt/airflow/dags/fetch_data_dag.py                            1           0  3.09s           2023-05-10T04:17:35
/opt/airflow/dags/speed_layer_dag.py                           1           0  0.80s           2023-05-10T04:17:33
/opt/airflow/dags/batch_layer_dag.py                           1           0  0.84s           2023-05-10T04:17:33
/opt/airflow/dags/kafka_jobs_dag.py                            1           0  0.80s           2023-05-10T04:17:33
================================================================================
[2023-05-10T04:18:32.638+0000] {manager.py:846} INFO - 
================================================================================
DAG File Processing Stats

File Path                             PID    Runtime      # DAGs    # Errors  Last Runtime    Last Run
------------------------------------  -----  ---------  --------  ----------  --------------  -------------------
/opt/airflow/dags/fetch_data_dag.py                            1           0  0.72s           2023-05-10T04:18:06
/opt/airflow/dags/speed_layer_dag.py                           1           0  0.13s           2023-05-10T04:18:03
/opt/airflow/dags/batch_layer_dag.py                           1           0  0.15s           2023-05-10T04:18:03
/opt/airflow/dags/kafka_jobs_dag.py                            1           0  0.14s           2023-05-10T04:18:03
================================================================================
[2023-05-10T04:18:44.146+0000] {manager.py:465} INFO - Exiting gracefully upon receiving signal 15
[2023-05-10T04:19:46.828+0000] {manager.py:483} INFO - Processing files using up to 20 processes at a time 
[2023-05-10T04:19:46.831+0000] {manager.py:484} INFO - Process each file at most once every 30 seconds
[2023-05-10T04:19:46.831+0000] {manager.py:486} INFO - Checking for new files in /opt/airflow/dags every 300 seconds
[2023-05-10T04:19:46.831+0000] {manager.py:724} INFO - Searching for files in /opt/airflow/dags
[2023-05-10T04:19:46.837+0000] {manager.py:727} INFO - There are 4 files in /opt/airflow/dags
[2023-05-10T04:19:47.032+0000] {manager.py:846} INFO - 
================================================================================
DAG File Processing Stats

File Path                               PID  Runtime      # DAGs    # Errors  Last Runtime    Last Run
------------------------------------  -----  ---------  --------  ----------  --------------  ----------
/opt/airflow/dags/fetch_data_dag.py      49  0.08s             0           0
/opt/airflow/dags/speed_layer_dag.py     50  0.08s             0           0
/opt/airflow/dags/batch_layer_dag.py     48  0.09s             0           0
/opt/airflow/dags/kafka_jobs_dag.py      51  0.06s             0           0
================================================================================
[2023-05-10T04:20:17.124+0000] {manager.py:465} INFO - Exiting gracefully upon receiving signal 15
[2023-05-10T04:21:31.017+0000] {manager.py:483} INFO - Processing files using up to 20 processes at a time 
[2023-05-10T04:21:31.019+0000] {manager.py:484} INFO - Process each file at most once every 30 seconds
[2023-05-10T04:21:31.020+0000] {manager.py:486} INFO - Checking for new files in /opt/airflow/dags every 300 seconds
[2023-05-10T04:21:31.020+0000] {manager.py:724} INFO - Searching for files in /opt/airflow/dags
[2023-05-10T04:21:31.025+0000] {manager.py:727} INFO - There are 4 files in /opt/airflow/dags
[2023-05-10T04:21:31.156+0000] {manager.py:846} INFO - 
================================================================================
DAG File Processing Stats

File Path                               PID  Runtime      # DAGs    # Errors  Last Runtime    Last Run
------------------------------------  -----  ---------  --------  ----------  --------------  ----------
/opt/airflow/dags/fetch_data_dag.py      49  0.06s             0           0
/opt/airflow/dags/speed_layer_dag.py     50  0.05s             0           0
/opt/airflow/dags/batch_layer_dag.py     48  0.06s             0           0
/opt/airflow/dags/kafka_jobs_dag.py      51  0.04s             0           0
================================================================================
[2023-05-10T04:22:01.700+0000] {manager.py:846} INFO - 
================================================================================
DAG File Processing Stats

File Path                               PID  Runtime      # DAGs    # Errors  Last Runtime    Last Run
------------------------------------  -----  ---------  --------  ----------  --------------  -------------------
/opt/airflow/dags/fetch_data_dag.py                            1           0  2.94s           2023-05-10T04:21:34
/opt/airflow/dags/speed_layer_dag.py     75  0.01s             1           0  0.43s           2023-05-10T04:21:31
/opt/airflow/dags/batch_layer_dag.py     74  0.01s             1           0  0.46s           2023-05-10T04:21:31
/opt/airflow/dags/kafka_jobs_dag.py      76  0.00s             1           0  0.43s           2023-05-10T04:21:31
================================================================================
[2023-05-10T04:22:31.801+0000] {manager.py:846} INFO - 
================================================================================
DAG File Processing Stats

File Path                             PID    Runtime      # DAGs    # Errors  Last Runtime    Last Run
------------------------------------  -----  ---------  --------  ----------  --------------  -------------------
/opt/airflow/dags/fetch_data_dag.py                            1           0  0.79s           2023-05-10T04:22:05
/opt/airflow/dags/speed_layer_dag.py                           1           0  0.17s           2023-05-10T04:22:01
/opt/airflow/dags/batch_layer_dag.py                           1           0  0.18s           2023-05-10T04:22:01
/opt/airflow/dags/kafka_jobs_dag.py                            1           0  0.17s           2023-05-10T04:22:01
================================================================================
[2023-05-10T04:23:02.067+0000] {manager.py:846} INFO - 
================================================================================
DAG File Processing Stats

File Path                             PID    Runtime      # DAGs    # Errors  Last Runtime    Last Run
------------------------------------  -----  ---------  --------  ----------  --------------  -------------------
/opt/airflow/dags/fetch_data_dag.py                            1           0  0.73s           2023-05-10T04:22:36
/opt/airflow/dags/speed_layer_dag.py                           1           0  0.18s           2023-05-10T04:22:32
/opt/airflow/dags/batch_layer_dag.py                           1           0  0.19s           2023-05-10T04:22:32
/opt/airflow/dags/kafka_jobs_dag.py                            1           0  0.17s           2023-05-10T04:22:32
================================================================================
[2023-05-10T04:23:32.536+0000] {manager.py:846} INFO - 
================================================================================
DAG File Processing Stats

File Path                               PID  Runtime      # DAGs    # Errors  Last Runtime    Last Run
------------------------------------  -----  ---------  --------  ----------  --------------  -------------------
/opt/airflow/dags/fetch_data_dag.py                            1           0  0.90s           2023-05-10T04:23:08
/opt/airflow/dags/speed_layer_dag.py    154  0.01s             1           0  0.15s           2023-05-10T04:23:02
/opt/airflow/dags/batch_layer_dag.py    153  0.01s             1           0  0.16s           2023-05-10T04:23:02
/opt/airflow/dags/kafka_jobs_dag.py     155  0.00s             1           0  0.16s           2023-05-10T04:23:02
================================================================================
[2023-05-10T04:23:54.377+0000] {manager.py:465} INFO - Exiting gracefully upon receiving signal 15
