[2023-05-10T04:13:45.765+0000] {processor.py:154} INFO - Started process (PID=49) to work on /opt/airflow/dags/batch_layer_dag.py
[2023-05-10T04:13:45.768+0000] {processor.py:756} INFO - Processing file /opt/airflow/dags/batch_layer_dag.py for tasks to queue
[2023-05-10T04:13:45.769+0000] {logging_mixin.py:137} INFO - [2023-05-10T04:13:45.769+0000] {dagbag.py:537} INFO - Filling up the DagBag from /opt/airflow/dags/batch_layer_dag.py
[2023-05-10T04:13:45.898+0000] {processor.py:766} INFO - DAG(s) dict_keys(['batch_layer_dag']) retrieved from /opt/airflow/dags/batch_layer_dag.py
[2023-05-10T04:13:46.421+0000] {logging_mixin.py:137} INFO - [2023-05-10T04:13:46.420+0000] {manager.py:507} INFO - Created Permission View: can read on DAG:batch_layer_dag
[2023-05-10T04:13:46.445+0000] {logging_mixin.py:137} INFO - [2023-05-10T04:13:46.445+0000] {manager.py:507} INFO - Created Permission View: can delete on DAG:batch_layer_dag
[2023-05-10T04:13:46.471+0000] {logging_mixin.py:137} INFO - [2023-05-10T04:13:46.471+0000] {manager.py:507} INFO - Created Permission View: can edit on DAG:batch_layer_dag
[2023-05-10T04:13:46.472+0000] {logging_mixin.py:137} INFO - [2023-05-10T04:13:46.472+0000] {dag.py:2585} INFO - Sync 1 DAGs
[2023-05-10T04:13:46.507+0000] {logging_mixin.py:137} INFO - [2023-05-10T04:13:46.507+0000] {dag.py:2606} INFO - Creating ORM DAG for batch_layer_dag
[2023-05-10T04:13:46.541+0000] {logging_mixin.py:137} INFO - [2023-05-10T04:13:46.541+0000] {dag.py:3340} INFO - Setting next_dagrun for batch_layer_dag to 2023-05-10T03:40:00+00:00, run_after=2023-05-10T04:00:00+00:00
[2023-05-10T04:13:46.582+0000] {processor.py:176} INFO - Processing /opt/airflow/dags/batch_layer_dag.py took 0.829 seconds
[2023-05-10T04:14:16.732+0000] {processor.py:154} INFO - Started process (PID=75) to work on /opt/airflow/dags/batch_layer_dag.py
[2023-05-10T04:14:16.741+0000] {processor.py:756} INFO - Processing file /opt/airflow/dags/batch_layer_dag.py for tasks to queue
[2023-05-10T04:14:16.742+0000] {logging_mixin.py:137} INFO - [2023-05-10T04:14:16.742+0000] {dagbag.py:537} INFO - Filling up the DagBag from /opt/airflow/dags/batch_layer_dag.py
[2023-05-10T04:14:16.784+0000] {processor.py:766} INFO - DAG(s) dict_keys(['batch_layer_dag']) retrieved from /opt/airflow/dags/batch_layer_dag.py
[2023-05-10T04:14:16.882+0000] {logging_mixin.py:137} INFO - [2023-05-10T04:14:16.881+0000] {dag.py:2585} INFO - Sync 1 DAGs
[2023-05-10T04:14:16.924+0000] {logging_mixin.py:137} INFO - [2023-05-10T04:14:16.924+0000] {dag.py:3340} INFO - Setting next_dagrun for batch_layer_dag to 2023-05-10T03:40:00+00:00, run_after=2023-05-10T04:00:00+00:00
[2023-05-10T04:14:16.958+0000] {processor.py:176} INFO - Processing /opt/airflow/dags/batch_layer_dag.py took 0.232 seconds
[2023-05-10T04:14:47.111+0000] {processor.py:154} INFO - Started process (PID=102) to work on /opt/airflow/dags/batch_layer_dag.py
[2023-05-10T04:14:47.112+0000] {processor.py:756} INFO - Processing file /opt/airflow/dags/batch_layer_dag.py for tasks to queue
[2023-05-10T04:14:47.113+0000] {logging_mixin.py:137} INFO - [2023-05-10T04:14:47.112+0000] {dagbag.py:537} INFO - Filling up the DagBag from /opt/airflow/dags/batch_layer_dag.py
[2023-05-10T04:14:47.142+0000] {processor.py:766} INFO - DAG(s) dict_keys(['batch_layer_dag']) retrieved from /opt/airflow/dags/batch_layer_dag.py
[2023-05-10T04:14:47.197+0000] {logging_mixin.py:137} INFO - [2023-05-10T04:14:47.197+0000] {dag.py:2585} INFO - Sync 1 DAGs
[2023-05-10T04:14:47.236+0000] {logging_mixin.py:137} INFO - [2023-05-10T04:14:47.236+0000] {dag.py:3340} INFO - Setting next_dagrun for batch_layer_dag to 2023-05-10T03:40:00+00:00, run_after=2023-05-10T04:00:00+00:00
[2023-05-10T04:14:47.264+0000] {processor.py:176} INFO - Processing /opt/airflow/dags/batch_layer_dag.py took 0.157 seconds
[2023-05-10T04:15:17.401+0000] {processor.py:154} INFO - Started process (PID=128) to work on /opt/airflow/dags/batch_layer_dag.py
[2023-05-10T04:15:17.402+0000] {processor.py:756} INFO - Processing file /opt/airflow/dags/batch_layer_dag.py for tasks to queue
[2023-05-10T04:15:17.403+0000] {logging_mixin.py:137} INFO - [2023-05-10T04:15:17.403+0000] {dagbag.py:537} INFO - Filling up the DagBag from /opt/airflow/dags/batch_layer_dag.py
[2023-05-10T04:15:17.425+0000] {processor.py:766} INFO - DAG(s) dict_keys(['batch_layer_dag']) retrieved from /opt/airflow/dags/batch_layer_dag.py
[2023-05-10T04:15:17.479+0000] {logging_mixin.py:137} INFO - [2023-05-10T04:15:17.478+0000] {dag.py:2585} INFO - Sync 1 DAGs
[2023-05-10T04:15:17.511+0000] {logging_mixin.py:137} INFO - [2023-05-10T04:15:17.511+0000] {dag.py:3340} INFO - Setting next_dagrun for batch_layer_dag to 2023-05-10T03:40:00+00:00, run_after=2023-05-10T04:00:00+00:00
[2023-05-10T04:15:17.537+0000] {processor.py:176} INFO - Processing /opt/airflow/dags/batch_layer_dag.py took 0.139 seconds
[2023-05-10T04:15:47.693+0000] {processor.py:154} INFO - Started process (PID=154) to work on /opt/airflow/dags/batch_layer_dag.py
[2023-05-10T04:15:47.693+0000] {processor.py:756} INFO - Processing file /opt/airflow/dags/batch_layer_dag.py for tasks to queue
[2023-05-10T04:15:47.694+0000] {logging_mixin.py:137} INFO - [2023-05-10T04:15:47.694+0000] {dagbag.py:537} INFO - Filling up the DagBag from /opt/airflow/dags/batch_layer_dag.py
[2023-05-10T04:15:47.711+0000] {processor.py:766} INFO - DAG(s) dict_keys(['batch_layer_dag']) retrieved from /opt/airflow/dags/batch_layer_dag.py
[2023-05-10T04:15:47.753+0000] {logging_mixin.py:137} INFO - [2023-05-10T04:15:47.753+0000] {dag.py:2585} INFO - Sync 1 DAGs
[2023-05-10T04:15:47.782+0000] {logging_mixin.py:137} INFO - [2023-05-10T04:15:47.782+0000] {dag.py:3340} INFO - Setting next_dagrun for batch_layer_dag to 2023-05-10T03:40:00+00:00, run_after=2023-05-10T04:00:00+00:00
[2023-05-10T04:15:47.808+0000] {processor.py:176} INFO - Processing /opt/airflow/dags/batch_layer_dag.py took 0.118 seconds
[2023-05-10T04:17:32.410+0000] {processor.py:154} INFO - Started process (PID=49) to work on /opt/airflow/dags/batch_layer_dag.py
[2023-05-10T04:17:32.413+0000] {processor.py:756} INFO - Processing file /opt/airflow/dags/batch_layer_dag.py for tasks to queue
[2023-05-10T04:17:32.415+0000] {logging_mixin.py:137} INFO - [2023-05-10T04:17:32.415+0000] {dagbag.py:537} INFO - Filling up the DagBag from /opt/airflow/dags/batch_layer_dag.py
[2023-05-10T04:17:32.520+0000] {processor.py:766} INFO - DAG(s) dict_keys(['batch_layer_dag']) retrieved from /opt/airflow/dags/batch_layer_dag.py
[2023-05-10T04:17:33.026+0000] {logging_mixin.py:137} INFO - [2023-05-10T04:17:33.026+0000] {manager.py:507} INFO - Created Permission View: can delete on DAG:batch_layer_dag
[2023-05-10T04:17:33.046+0000] {logging_mixin.py:137} INFO - [2023-05-10T04:17:33.046+0000] {manager.py:507} INFO - Created Permission View: can read on DAG:batch_layer_dag
[2023-05-10T04:17:33.080+0000] {logging_mixin.py:137} INFO - [2023-05-10T04:17:33.080+0000] {manager.py:507} INFO - Created Permission View: can edit on DAG:batch_layer_dag
[2023-05-10T04:17:33.081+0000] {logging_mixin.py:137} INFO - [2023-05-10T04:17:33.081+0000] {dag.py:2585} INFO - Sync 1 DAGs
[2023-05-10T04:17:33.118+0000] {logging_mixin.py:137} INFO - [2023-05-10T04:17:33.118+0000] {dag.py:2606} INFO - Creating ORM DAG for batch_layer_dag
[2023-05-10T04:17:33.166+0000] {logging_mixin.py:137} INFO - [2023-05-10T04:17:33.165+0000] {dag.py:3340} INFO - Setting next_dagrun for batch_layer_dag to 2023-05-10T03:40:00+00:00, run_after=2023-05-10T04:00:00+00:00
[2023-05-10T04:17:33.212+0000] {processor.py:176} INFO - Processing /opt/airflow/dags/batch_layer_dag.py took 0.811 seconds
[2023-05-10T04:18:03.376+0000] {processor.py:154} INFO - Started process (PID=75) to work on /opt/airflow/dags/batch_layer_dag.py
[2023-05-10T04:18:03.377+0000] {processor.py:756} INFO - Processing file /opt/airflow/dags/batch_layer_dag.py for tasks to queue
[2023-05-10T04:18:03.378+0000] {logging_mixin.py:137} INFO - [2023-05-10T04:18:03.378+0000] {dagbag.py:537} INFO - Filling up the DagBag from /opt/airflow/dags/batch_layer_dag.py
[2023-05-10T04:18:03.395+0000] {processor.py:766} INFO - DAG(s) dict_keys(['batch_layer_dag']) retrieved from /opt/airflow/dags/batch_layer_dag.py
[2023-05-10T04:18:03.442+0000] {logging_mixin.py:137} INFO - [2023-05-10T04:18:03.442+0000] {dag.py:2585} INFO - Sync 1 DAGs
[2023-05-10T04:18:03.482+0000] {logging_mixin.py:137} INFO - [2023-05-10T04:18:03.482+0000] {dag.py:3340} INFO - Setting next_dagrun for batch_layer_dag to 2023-05-10T03:40:00+00:00, run_after=2023-05-10T04:00:00+00:00
[2023-05-10T04:18:03.507+0000] {processor.py:176} INFO - Processing /opt/airflow/dags/batch_layer_dag.py took 0.134 seconds
[2023-05-10T04:18:33.650+0000] {processor.py:154} INFO - Started process (PID=101) to work on /opt/airflow/dags/batch_layer_dag.py
[2023-05-10T04:18:33.652+0000] {processor.py:756} INFO - Processing file /opt/airflow/dags/batch_layer_dag.py for tasks to queue
[2023-05-10T04:18:33.652+0000] {logging_mixin.py:137} INFO - [2023-05-10T04:18:33.652+0000] {dagbag.py:537} INFO - Filling up the DagBag from /opt/airflow/dags/batch_layer_dag.py
[2023-05-10T04:18:33.670+0000] {processor.py:766} INFO - DAG(s) dict_keys(['batch_layer_dag']) retrieved from /opt/airflow/dags/batch_layer_dag.py
[2023-05-10T04:18:33.716+0000] {logging_mixin.py:137} INFO - [2023-05-10T04:18:33.716+0000] {dag.py:2585} INFO - Sync 1 DAGs
[2023-05-10T04:18:33.744+0000] {logging_mixin.py:137} INFO - [2023-05-10T04:18:33.744+0000] {dag.py:3340} INFO - Setting next_dagrun for batch_layer_dag to 2023-05-10T03:40:00+00:00, run_after=2023-05-10T04:00:00+00:00
[2023-05-10T04:18:33.770+0000] {processor.py:176} INFO - Processing /opt/airflow/dags/batch_layer_dag.py took 0.123 seconds
[2023-05-10T04:19:46.959+0000] {processor.py:154} INFO - Started process (PID=48) to work on /opt/airflow/dags/batch_layer_dag.py
[2023-05-10T04:19:46.967+0000] {processor.py:756} INFO - Processing file /opt/airflow/dags/batch_layer_dag.py for tasks to queue
[2023-05-10T04:19:46.968+0000] {logging_mixin.py:137} INFO - [2023-05-10T04:19:46.968+0000] {dagbag.py:537} INFO - Filling up the DagBag from /opt/airflow/dags/batch_layer_dag.py
[2023-05-10T04:19:47.092+0000] {processor.py:766} INFO - DAG(s) dict_keys(['batch_layer_dag']) retrieved from /opt/airflow/dags/batch_layer_dag.py
[2023-05-10T04:19:47.343+0000] {logging_mixin.py:137} INFO - [2023-05-10T04:19:47.343+0000] {dag.py:2585} INFO - Sync 1 DAGs
[2023-05-10T04:19:47.423+0000] {logging_mixin.py:137} INFO - [2023-05-10T04:19:47.422+0000] {dag.py:3340} INFO - Setting next_dagrun for batch_layer_dag to 2023-05-10T03:40:00+00:00, run_after=2023-05-10T04:00:00+00:00
[2023-05-10T04:19:47.488+0000] {processor.py:176} INFO - Processing /opt/airflow/dags/batch_layer_dag.py took 0.538 seconds
[2023-05-10T04:21:31.107+0000] {processor.py:154} INFO - Started process (PID=48) to work on /opt/airflow/dags/batch_layer_dag.py
[2023-05-10T04:21:31.109+0000] {processor.py:756} INFO - Processing file /opt/airflow/dags/batch_layer_dag.py for tasks to queue
[2023-05-10T04:21:31.110+0000] {logging_mixin.py:137} INFO - [2023-05-10T04:21:31.110+0000] {dagbag.py:537} INFO - Filling up the DagBag from /opt/airflow/dags/batch_layer_dag.py
[2023-05-10T04:21:31.193+0000] {processor.py:766} INFO - DAG(s) dict_keys(['batch_layer_dag']) retrieved from /opt/airflow/dags/batch_layer_dag.py
[2023-05-10T04:21:31.413+0000] {logging_mixin.py:137} INFO - [2023-05-10T04:21:31.413+0000] {dag.py:2585} INFO - Sync 1 DAGs
[2023-05-10T04:21:31.476+0000] {logging_mixin.py:137} INFO - [2023-05-10T04:21:31.476+0000] {dag.py:3340} INFO - Setting next_dagrun for batch_layer_dag to 2023-05-10T04:00:00+00:00, run_after=2023-05-10T04:20:00+00:00
[2023-05-10T04:21:31.532+0000] {processor.py:176} INFO - Processing /opt/airflow/dags/batch_layer_dag.py took 0.439 seconds
[2023-05-10T04:22:01.696+0000] {processor.py:154} INFO - Started process (PID=74) to work on /opt/airflow/dags/batch_layer_dag.py
[2023-05-10T04:22:01.698+0000] {processor.py:756} INFO - Processing file /opt/airflow/dags/batch_layer_dag.py for tasks to queue
[2023-05-10T04:22:01.699+0000] {logging_mixin.py:137} INFO - [2023-05-10T04:22:01.698+0000] {dagbag.py:537} INFO - Filling up the DagBag from /opt/airflow/dags/batch_layer_dag.py
[2023-05-10T04:22:01.723+0000] {processor.py:766} INFO - DAG(s) dict_keys(['batch_layer_dag']) retrieved from /opt/airflow/dags/batch_layer_dag.py
[2023-05-10T04:22:01.792+0000] {logging_mixin.py:137} INFO - [2023-05-10T04:22:01.792+0000] {dag.py:2585} INFO - Sync 1 DAGs
[2023-05-10T04:22:01.831+0000] {logging_mixin.py:137} INFO - [2023-05-10T04:22:01.831+0000] {dag.py:3340} INFO - Setting next_dagrun for batch_layer_dag to 2023-05-10T04:00:00+00:00, run_after=2023-05-10T04:20:00+00:00
[2023-05-10T04:22:01.858+0000] {processor.py:176} INFO - Processing /opt/airflow/dags/batch_layer_dag.py took 0.166 seconds
[2023-05-10T04:22:32.020+0000] {processor.py:154} INFO - Started process (PID=100) to work on /opt/airflow/dags/batch_layer_dag.py
[2023-05-10T04:22:32.021+0000] {processor.py:756} INFO - Processing file /opt/airflow/dags/batch_layer_dag.py for tasks to queue
[2023-05-10T04:22:32.022+0000] {logging_mixin.py:137} INFO - [2023-05-10T04:22:32.022+0000] {dagbag.py:537} INFO - Filling up the DagBag from /opt/airflow/dags/batch_layer_dag.py
[2023-05-10T04:22:32.042+0000] {processor.py:766} INFO - DAG(s) dict_keys(['batch_layer_dag']) retrieved from /opt/airflow/dags/batch_layer_dag.py
[2023-05-10T04:22:32.100+0000] {logging_mixin.py:137} INFO - [2023-05-10T04:22:32.100+0000] {dag.py:2585} INFO - Sync 1 DAGs
[2023-05-10T04:22:32.152+0000] {logging_mixin.py:137} INFO - [2023-05-10T04:22:32.152+0000] {dag.py:3340} INFO - Setting next_dagrun for batch_layer_dag to 2023-05-10T04:00:00+00:00, run_after=2023-05-10T04:20:00+00:00
[2023-05-10T04:22:32.189+0000] {processor.py:176} INFO - Processing /opt/airflow/dags/batch_layer_dag.py took 0.172 seconds
[2023-05-10T04:23:02.340+0000] {processor.py:154} INFO - Started process (PID=125) to work on /opt/airflow/dags/batch_layer_dag.py
[2023-05-10T04:23:02.341+0000] {processor.py:756} INFO - Processing file /opt/airflow/dags/batch_layer_dag.py for tasks to queue
[2023-05-10T04:23:02.341+0000] {logging_mixin.py:137} INFO - [2023-05-10T04:23:02.341+0000] {dagbag.py:537} INFO - Filling up the DagBag from /opt/airflow/dags/batch_layer_dag.py
[2023-05-10T04:23:02.358+0000] {processor.py:766} INFO - DAG(s) dict_keys(['batch_layer_dag']) retrieved from /opt/airflow/dags/batch_layer_dag.py
[2023-05-10T04:23:02.416+0000] {logging_mixin.py:137} INFO - [2023-05-10T04:23:02.416+0000] {dag.py:2585} INFO - Sync 1 DAGs
[2023-05-10T04:23:02.452+0000] {logging_mixin.py:137} INFO - [2023-05-10T04:23:02.452+0000] {dag.py:3340} INFO - Setting next_dagrun for batch_layer_dag to 2023-05-10T04:00:00+00:00, run_after=2023-05-10T04:20:00+00:00
[2023-05-10T04:23:02.479+0000] {processor.py:176} INFO - Processing /opt/airflow/dags/batch_layer_dag.py took 0.143 seconds
[2023-05-10T04:23:32.532+0000] {processor.py:154} INFO - Started process (PID=153) to work on /opt/airflow/dags/batch_layer_dag.py
[2023-05-10T04:23:32.533+0000] {processor.py:756} INFO - Processing file /opt/airflow/dags/batch_layer_dag.py for tasks to queue
[2023-05-10T04:23:32.534+0000] {logging_mixin.py:137} INFO - [2023-05-10T04:23:32.534+0000] {dagbag.py:537} INFO - Filling up the DagBag from /opt/airflow/dags/batch_layer_dag.py
[2023-05-10T04:23:32.552+0000] {processor.py:766} INFO - DAG(s) dict_keys(['batch_layer_dag']) retrieved from /opt/airflow/dags/batch_layer_dag.py
[2023-05-10T04:23:32.598+0000] {logging_mixin.py:137} INFO - [2023-05-10T04:23:32.598+0000] {dag.py:2585} INFO - Sync 1 DAGs
[2023-05-10T04:23:32.630+0000] {logging_mixin.py:137} INFO - [2023-05-10T04:23:32.630+0000] {dag.py:3340} INFO - Setting next_dagrun for batch_layer_dag to 2023-05-10T04:00:00+00:00, run_after=2023-05-10T04:20:00+00:00
[2023-05-10T04:23:32.652+0000] {processor.py:176} INFO - Processing /opt/airflow/dags/batch_layer_dag.py took 0.123 seconds
