[2023-05-10T04:13:45.774+0000] {processor.py:154} INFO - Started process (PID=50) to work on /opt/airflow/dags/fetch_data_dag.py
[2023-05-10T04:13:45.778+0000] {processor.py:756} INFO - Processing file /opt/airflow/dags/fetch_data_dag.py for tasks to queue
[2023-05-10T04:13:45.780+0000] {logging_mixin.py:137} INFO - [2023-05-10T04:13:45.780+0000] {dagbag.py:537} INFO - Filling up the DagBag from /opt/airflow/dags/fetch_data_dag.py
[2023-05-10T04:13:48.849+0000] {logging_mixin.py:137} INFO - [2023-05-10T04:13:48.849+0000] {crypto.py:84} WARNING - empty cryptography key - values will not be stored encrypted.
[2023-05-10T04:13:48.885+0000] {processor.py:766} INFO - DAG(s) dict_keys(['fetch_data_dag']) retrieved from /opt/airflow/dags/fetch_data_dag.py
[2023-05-10T04:13:49.050+0000] {logging_mixin.py:137} INFO - [2023-05-10T04:13:49.050+0000] {manager.py:507} INFO - Created Permission View: can read on DAG:fetch_data_dag
[2023-05-10T04:13:49.069+0000] {logging_mixin.py:137} INFO - [2023-05-10T04:13:49.069+0000] {manager.py:507} INFO - Created Permission View: can delete on DAG:fetch_data_dag
[2023-05-10T04:13:49.085+0000] {logging_mixin.py:137} INFO - [2023-05-10T04:13:49.085+0000] {manager.py:507} INFO - Created Permission View: can edit on DAG:fetch_data_dag
[2023-05-10T04:13:49.086+0000] {logging_mixin.py:137} INFO - [2023-05-10T04:13:49.085+0000] {dag.py:2585} INFO - Sync 1 DAGs
[2023-05-10T04:13:49.107+0000] {logging_mixin.py:137} INFO - [2023-05-10T04:13:49.106+0000] {dag.py:2606} INFO - Creating ORM DAG for fetch_data_dag
[2023-05-10T04:13:49.134+0000] {logging_mixin.py:137} INFO - [2023-05-10T04:13:49.134+0000] {dag.py:3340} INFO - Setting next_dagrun for fetch_data_dag to 2023-05-10T04:12:00+00:00, run_after=2023-05-10T04:13:00+00:00
[2023-05-10T04:13:49.161+0000] {processor.py:176} INFO - Processing /opt/airflow/dags/fetch_data_dag.py took 3.396 seconds
[2023-05-10T04:14:19.990+0000] {processor.py:154} INFO - Started process (PID=78) to work on /opt/airflow/dags/fetch_data_dag.py
[2023-05-10T04:14:19.991+0000] {processor.py:756} INFO - Processing file /opt/airflow/dags/fetch_data_dag.py for tasks to queue
[2023-05-10T04:14:19.992+0000] {logging_mixin.py:137} INFO - [2023-05-10T04:14:19.992+0000] {dagbag.py:537} INFO - Filling up the DagBag from /opt/airflow/dags/fetch_data_dag.py
[2023-05-10T04:14:20.616+0000] {processor.py:766} INFO - DAG(s) dict_keys(['fetch_data_dag']) retrieved from /opt/airflow/dags/fetch_data_dag.py
[2023-05-10T04:14:20.643+0000] {logging_mixin.py:137} INFO - [2023-05-10T04:14:20.642+0000] {dag.py:2585} INFO - Sync 1 DAGs
[2023-05-10T04:14:20.670+0000] {logging_mixin.py:137} INFO - [2023-05-10T04:14:20.670+0000] {dag.py:3340} INFO - Setting next_dagrun for fetch_data_dag to 2023-05-10T04:13:00+00:00, run_after=2023-05-10T04:14:00+00:00
[2023-05-10T04:14:20.692+0000] {processor.py:176} INFO - Processing /opt/airflow/dags/fetch_data_dag.py took 0.705 seconds
[2023-05-10T04:14:51.142+0000] {processor.py:154} INFO - Started process (PID=105) to work on /opt/airflow/dags/fetch_data_dag.py
[2023-05-10T04:14:51.143+0000] {processor.py:756} INFO - Processing file /opt/airflow/dags/fetch_data_dag.py for tasks to queue
[2023-05-10T04:14:51.144+0000] {logging_mixin.py:137} INFO - [2023-05-10T04:14:51.143+0000] {dagbag.py:537} INFO - Filling up the DagBag from /opt/airflow/dags/fetch_data_dag.py
[2023-05-10T04:14:51.765+0000] {processor.py:766} INFO - DAG(s) dict_keys(['fetch_data_dag']) retrieved from /opt/airflow/dags/fetch_data_dag.py
[2023-05-10T04:14:51.794+0000] {logging_mixin.py:137} INFO - [2023-05-10T04:14:51.794+0000] {dag.py:2585} INFO - Sync 1 DAGs
[2023-05-10T04:14:51.823+0000] {logging_mixin.py:137} INFO - [2023-05-10T04:14:51.822+0000] {dag.py:3340} INFO - Setting next_dagrun for fetch_data_dag to 2023-05-10T04:13:00+00:00, run_after=2023-05-10T04:14:00+00:00
[2023-05-10T04:14:51.849+0000] {processor.py:176} INFO - Processing /opt/airflow/dags/fetch_data_dag.py took 0.710 seconds
[2023-05-10T04:15:22.587+0000] {processor.py:154} INFO - Started process (PID=131) to work on /opt/airflow/dags/fetch_data_dag.py
[2023-05-10T04:15:22.588+0000] {processor.py:756} INFO - Processing file /opt/airflow/dags/fetch_data_dag.py for tasks to queue
[2023-05-10T04:15:22.589+0000] {logging_mixin.py:137} INFO - [2023-05-10T04:15:22.589+0000] {dagbag.py:537} INFO - Filling up the DagBag from /opt/airflow/dags/fetch_data_dag.py
[2023-05-10T04:15:23.292+0000] {processor.py:766} INFO - DAG(s) dict_keys(['fetch_data_dag']) retrieved from /opt/airflow/dags/fetch_data_dag.py
[2023-05-10T04:15:23.329+0000] {logging_mixin.py:137} INFO - [2023-05-10T04:15:23.329+0000] {dag.py:2585} INFO - Sync 1 DAGs
[2023-05-10T04:15:23.357+0000] {logging_mixin.py:137} INFO - [2023-05-10T04:15:23.357+0000] {dag.py:3340} INFO - Setting next_dagrun for fetch_data_dag to 2023-05-10T04:14:00+00:00, run_after=2023-05-10T04:15:00+00:00
[2023-05-10T04:15:23.378+0000] {processor.py:176} INFO - Processing /opt/airflow/dags/fetch_data_dag.py took 0.795 seconds
[2023-05-10T04:15:53.735+0000] {processor.py:154} INFO - Started process (PID=157) to work on /opt/airflow/dags/fetch_data_dag.py
[2023-05-10T04:15:53.736+0000] {processor.py:756} INFO - Processing file /opt/airflow/dags/fetch_data_dag.py for tasks to queue
[2023-05-10T04:15:53.737+0000] {logging_mixin.py:137} INFO - [2023-05-10T04:15:53.737+0000] {dagbag.py:537} INFO - Filling up the DagBag from /opt/airflow/dags/fetch_data_dag.py
[2023-05-10T04:15:54.354+0000] {processor.py:766} INFO - DAG(s) dict_keys(['fetch_data_dag']) retrieved from /opt/airflow/dags/fetch_data_dag.py
[2023-05-10T04:15:54.380+0000] {logging_mixin.py:137} INFO - [2023-05-10T04:15:54.380+0000] {dag.py:2585} INFO - Sync 1 DAGs
[2023-05-10T04:15:54.411+0000] {logging_mixin.py:137} INFO - [2023-05-10T04:15:54.411+0000] {dag.py:3340} INFO - Setting next_dagrun for fetch_data_dag to 2023-05-10T04:14:00+00:00, run_after=2023-05-10T04:15:00+00:00
[2023-05-10T04:15:54.433+0000] {processor.py:176} INFO - Processing /opt/airflow/dags/fetch_data_dag.py took 0.702 seconds
[2023-05-10T04:17:32.424+0000] {processor.py:154} INFO - Started process (PID=50) to work on /opt/airflow/dags/fetch_data_dag.py
[2023-05-10T04:17:32.427+0000] {processor.py:756} INFO - Processing file /opt/airflow/dags/fetch_data_dag.py for tasks to queue
[2023-05-10T04:17:32.428+0000] {logging_mixin.py:137} INFO - [2023-05-10T04:17:32.428+0000] {dagbag.py:537} INFO - Filling up the DagBag from /opt/airflow/dags/fetch_data_dag.py
[2023-05-10T04:17:35.159+0000] {logging_mixin.py:137} INFO - [2023-05-10T04:17:35.159+0000] {crypto.py:84} WARNING - empty cryptography key - values will not be stored encrypted.
[2023-05-10T04:17:35.199+0000] {processor.py:766} INFO - DAG(s) dict_keys(['fetch_data_dag']) retrieved from /opt/airflow/dags/fetch_data_dag.py
[2023-05-10T04:17:35.371+0000] {logging_mixin.py:137} INFO - [2023-05-10T04:17:35.371+0000] {manager.py:507} INFO - Created Permission View: can delete on DAG:fetch_data_dag
[2023-05-10T04:17:35.386+0000] {logging_mixin.py:137} INFO - [2023-05-10T04:17:35.386+0000] {manager.py:507} INFO - Created Permission View: can read on DAG:fetch_data_dag
[2023-05-10T04:17:35.401+0000] {logging_mixin.py:137} INFO - [2023-05-10T04:17:35.401+0000] {manager.py:507} INFO - Created Permission View: can edit on DAG:fetch_data_dag
[2023-05-10T04:17:35.402+0000] {logging_mixin.py:137} INFO - [2023-05-10T04:17:35.402+0000] {dag.py:2585} INFO - Sync 1 DAGs
[2023-05-10T04:17:35.424+0000] {logging_mixin.py:137} INFO - [2023-05-10T04:17:35.424+0000] {dag.py:2606} INFO - Creating ORM DAG for fetch_data_dag
[2023-05-10T04:17:35.450+0000] {logging_mixin.py:137} INFO - [2023-05-10T04:17:35.450+0000] {dag.py:3340} INFO - Setting next_dagrun for fetch_data_dag to 2023-05-10T04:16:00+00:00, run_after=2023-05-10T04:17:00+00:00
[2023-05-10T04:17:35.476+0000] {processor.py:176} INFO - Processing /opt/airflow/dags/fetch_data_dag.py took 3.063 seconds
[2023-05-10T04:18:05.528+0000] {processor.py:154} INFO - Started process (PID=78) to work on /opt/airflow/dags/fetch_data_dag.py
[2023-05-10T04:18:05.530+0000] {processor.py:756} INFO - Processing file /opt/airflow/dags/fetch_data_dag.py for tasks to queue
[2023-05-10T04:18:05.530+0000] {logging_mixin.py:137} INFO - [2023-05-10T04:18:05.530+0000] {dagbag.py:537} INFO - Filling up the DagBag from /opt/airflow/dags/fetch_data_dag.py
[2023-05-10T04:18:06.147+0000] {processor.py:766} INFO - DAG(s) dict_keys(['fetch_data_dag']) retrieved from /opt/airflow/dags/fetch_data_dag.py
[2023-05-10T04:18:06.175+0000] {logging_mixin.py:137} INFO - [2023-05-10T04:18:06.174+0000] {dag.py:2585} INFO - Sync 1 DAGs
[2023-05-10T04:18:06.201+0000] {logging_mixin.py:137} INFO - [2023-05-10T04:18:06.201+0000] {dag.py:3340} INFO - Setting next_dagrun for fetch_data_dag to 2023-05-10T04:17:00+00:00, run_after=2023-05-10T04:18:00+00:00
[2023-05-10T04:18:06.229+0000] {processor.py:176} INFO - Processing /opt/airflow/dags/fetch_data_dag.py took 0.704 seconds
[2023-05-10T04:18:36.812+0000] {processor.py:154} INFO - Started process (PID=104) to work on /opt/airflow/dags/fetch_data_dag.py
[2023-05-10T04:18:36.813+0000] {processor.py:756} INFO - Processing file /opt/airflow/dags/fetch_data_dag.py for tasks to queue
[2023-05-10T04:18:36.814+0000] {logging_mixin.py:137} INFO - [2023-05-10T04:18:36.813+0000] {dagbag.py:537} INFO - Filling up the DagBag from /opt/airflow/dags/fetch_data_dag.py
[2023-05-10T04:18:37.555+0000] {processor.py:766} INFO - DAG(s) dict_keys(['fetch_data_dag']) retrieved from /opt/airflow/dags/fetch_data_dag.py
[2023-05-10T04:18:37.588+0000] {logging_mixin.py:137} INFO - [2023-05-10T04:18:37.588+0000] {dag.py:2585} INFO - Sync 1 DAGs
[2023-05-10T04:18:37.624+0000] {logging_mixin.py:137} INFO - [2023-05-10T04:18:37.624+0000] {dag.py:3340} INFO - Setting next_dagrun for fetch_data_dag to 2023-05-10T04:17:00+00:00, run_after=2023-05-10T04:18:00+00:00
[2023-05-10T04:18:37.654+0000] {processor.py:176} INFO - Processing /opt/airflow/dags/fetch_data_dag.py took 0.845 seconds
[2023-05-10T04:19:46.947+0000] {processor.py:154} INFO - Started process (PID=49) to work on /opt/airflow/dags/fetch_data_dag.py
[2023-05-10T04:19:46.954+0000] {processor.py:756} INFO - Processing file /opt/airflow/dags/fetch_data_dag.py for tasks to queue
[2023-05-10T04:19:46.956+0000] {logging_mixin.py:137} INFO - [2023-05-10T04:19:46.955+0000] {dagbag.py:537} INFO - Filling up the DagBag from /opt/airflow/dags/fetch_data_dag.py
[2023-05-10T04:19:49.827+0000] {processor.py:766} INFO - DAG(s) dict_keys(['fetch_data_dag']) retrieved from /opt/airflow/dags/fetch_data_dag.py
[2023-05-10T04:19:49.930+0000] {logging_mixin.py:137} INFO - [2023-05-10T04:19:49.930+0000] {dag.py:2585} INFO - Sync 1 DAGs
[2023-05-10T04:19:49.984+0000] {logging_mixin.py:137} INFO - [2023-05-10T04:19:49.984+0000] {dag.py:3340} INFO - Setting next_dagrun for fetch_data_dag to 2023-05-10T04:18:00+00:00, run_after=2023-05-10T04:19:00+00:00
[2023-05-10T04:19:50.020+0000] {processor.py:176} INFO - Processing /opt/airflow/dags/fetch_data_dag.py took 3.079 seconds
[2023-05-10T04:21:31.108+0000] {processor.py:154} INFO - Started process (PID=49) to work on /opt/airflow/dags/fetch_data_dag.py
[2023-05-10T04:21:31.110+0000] {processor.py:756} INFO - Processing file /opt/airflow/dags/fetch_data_dag.py for tasks to queue
[2023-05-10T04:21:31.111+0000] {logging_mixin.py:137} INFO - [2023-05-10T04:21:31.111+0000] {dagbag.py:537} INFO - Filling up the DagBag from /opt/airflow/dags/fetch_data_dag.py
[2023-05-10T04:21:33.833+0000] {processor.py:766} INFO - DAG(s) dict_keys(['fetch_data_dag']) retrieved from /opt/airflow/dags/fetch_data_dag.py
[2023-05-10T04:21:33.925+0000] {logging_mixin.py:137} INFO - [2023-05-10T04:21:33.925+0000] {dag.py:2585} INFO - Sync 1 DAGs
[2023-05-10T04:21:33.969+0000] {logging_mixin.py:137} INFO - [2023-05-10T04:21:33.968+0000] {dag.py:3340} INFO - Setting next_dagrun for fetch_data_dag to 2023-05-10T04:20:00+00:00, run_after=2023-05-10T04:21:00+00:00
[2023-05-10T04:21:34.014+0000] {processor.py:176} INFO - Processing /opt/airflow/dags/fetch_data_dag.py took 2.915 seconds
[2023-05-10T04:22:04.886+0000] {processor.py:154} INFO - Started process (PID=77) to work on /opt/airflow/dags/fetch_data_dag.py
[2023-05-10T04:22:04.888+0000] {processor.py:756} INFO - Processing file /opt/airflow/dags/fetch_data_dag.py for tasks to queue
[2023-05-10T04:22:04.889+0000] {logging_mixin.py:137} INFO - [2023-05-10T04:22:04.889+0000] {dagbag.py:537} INFO - Filling up the DagBag from /opt/airflow/dags/fetch_data_dag.py
[2023-05-10T04:22:05.567+0000] {processor.py:766} INFO - DAG(s) dict_keys(['fetch_data_dag']) retrieved from /opt/airflow/dags/fetch_data_dag.py
[2023-05-10T04:22:05.605+0000] {logging_mixin.py:137} INFO - [2023-05-10T04:22:05.605+0000] {dag.py:2585} INFO - Sync 1 DAGs
[2023-05-10T04:22:05.638+0000] {logging_mixin.py:137} INFO - [2023-05-10T04:22:05.637+0000] {dag.py:3340} INFO - Setting next_dagrun for fetch_data_dag to 2023-05-10T04:21:00+00:00, run_after=2023-05-10T04:22:00+00:00
[2023-05-10T04:22:05.660+0000] {processor.py:176} INFO - Processing /opt/airflow/dags/fetch_data_dag.py took 0.777 seconds
[2023-05-10T04:22:36.226+0000] {processor.py:154} INFO - Started process (PID=103) to work on /opt/airflow/dags/fetch_data_dag.py
[2023-05-10T04:22:36.226+0000] {processor.py:756} INFO - Processing file /opt/airflow/dags/fetch_data_dag.py for tasks to queue
[2023-05-10T04:22:36.227+0000] {logging_mixin.py:137} INFO - [2023-05-10T04:22:36.227+0000] {dagbag.py:537} INFO - Filling up the DagBag from /opt/airflow/dags/fetch_data_dag.py
[2023-05-10T04:22:36.844+0000] {processor.py:766} INFO - DAG(s) dict_keys(['fetch_data_dag']) retrieved from /opt/airflow/dags/fetch_data_dag.py
[2023-05-10T04:22:36.878+0000] {logging_mixin.py:137} INFO - [2023-05-10T04:22:36.877+0000] {dag.py:2585} INFO - Sync 1 DAGs
[2023-05-10T04:22:36.909+0000] {logging_mixin.py:137} INFO - [2023-05-10T04:22:36.909+0000] {dag.py:3340} INFO - Setting next_dagrun for fetch_data_dag to 2023-05-10T04:21:00+00:00, run_after=2023-05-10T04:22:00+00:00
[2023-05-10T04:22:36.928+0000] {processor.py:176} INFO - Processing /opt/airflow/dags/fetch_data_dag.py took 0.705 seconds
[2023-05-10T04:23:07.524+0000] {processor.py:154} INFO - Started process (PID=128) to work on /opt/airflow/dags/fetch_data_dag.py
[2023-05-10T04:23:07.525+0000] {processor.py:756} INFO - Processing file /opt/airflow/dags/fetch_data_dag.py for tasks to queue
[2023-05-10T04:23:07.526+0000] {logging_mixin.py:137} INFO - [2023-05-10T04:23:07.525+0000] {dagbag.py:537} INFO - Filling up the DagBag from /opt/airflow/dags/fetch_data_dag.py
[2023-05-10T04:23:08.311+0000] {processor.py:766} INFO - DAG(s) dict_keys(['fetch_data_dag']) retrieved from /opt/airflow/dags/fetch_data_dag.py
[2023-05-10T04:23:08.342+0000] {logging_mixin.py:137} INFO - [2023-05-10T04:23:08.341+0000] {dag.py:2585} INFO - Sync 1 DAGs
[2023-05-10T04:23:08.377+0000] {logging_mixin.py:137} INFO - [2023-05-10T04:23:08.377+0000] {dag.py:3340} INFO - Setting next_dagrun for fetch_data_dag to 2023-05-10T04:22:00+00:00, run_after=2023-05-10T04:23:00+00:00
[2023-05-10T04:23:08.397+0000] {processor.py:176} INFO - Processing /opt/airflow/dags/fetch_data_dag.py took 0.877 seconds
[2023-05-10T04:23:38.699+0000] {processor.py:154} INFO - Started process (PID=156) to work on /opt/airflow/dags/fetch_data_dag.py
[2023-05-10T04:23:38.699+0000] {processor.py:756} INFO - Processing file /opt/airflow/dags/fetch_data_dag.py for tasks to queue
[2023-05-10T04:23:38.700+0000] {logging_mixin.py:137} INFO - [2023-05-10T04:23:38.700+0000] {dagbag.py:537} INFO - Filling up the DagBag from /opt/airflow/dags/fetch_data_dag.py
[2023-05-10T04:23:39.329+0000] {processor.py:766} INFO - DAG(s) dict_keys(['fetch_data_dag']) retrieved from /opt/airflow/dags/fetch_data_dag.py
[2023-05-10T04:23:39.358+0000] {logging_mixin.py:137} INFO - [2023-05-10T04:23:39.358+0000] {dag.py:2585} INFO - Sync 1 DAGs
[2023-05-10T04:23:39.411+0000] {logging_mixin.py:137} INFO - [2023-05-10T04:23:39.411+0000] {dag.py:3340} INFO - Setting next_dagrun for fetch_data_dag to 2023-05-10T04:22:00+00:00, run_after=2023-05-10T04:23:00+00:00
[2023-05-10T04:23:39.429+0000] {processor.py:176} INFO - Processing /opt/airflow/dags/fetch_data_dag.py took 0.734 seconds
