[2023-05-10T04:13:45.784+0000] {processor.py:154} INFO - Started process (PID=51) to work on /opt/airflow/dags/speed_layer_dag.py
[2023-05-10T04:13:45.787+0000] {processor.py:756} INFO - Processing file /opt/airflow/dags/speed_layer_dag.py for tasks to queue
[2023-05-10T04:13:45.788+0000] {logging_mixin.py:137} INFO - [2023-05-10T04:13:45.788+0000] {dagbag.py:537} INFO - Filling up the DagBag from /opt/airflow/dags/speed_layer_dag.py
[2023-05-10T04:13:45.890+0000] {processor.py:766} INFO - DAG(s) dict_keys(['speed_layer_dag']) retrieved from /opt/airflow/dags/speed_layer_dag.py
[2023-05-10T04:13:46.414+0000] {logging_mixin.py:137} INFO - [2023-05-10T04:13:46.414+0000] {manager.py:507} INFO - Created Permission View: can read on DAG:speed_layer_dag
[2023-05-10T04:13:46.444+0000] {logging_mixin.py:137} INFO - [2023-05-10T04:13:46.443+0000] {manager.py:507} INFO - Created Permission View: can delete on DAG:speed_layer_dag
[2023-05-10T04:13:46.462+0000] {logging_mixin.py:137} INFO - [2023-05-10T04:13:46.462+0000] {manager.py:507} INFO - Created Permission View: can edit on DAG:speed_layer_dag
[2023-05-10T04:13:46.463+0000] {logging_mixin.py:137} INFO - [2023-05-10T04:13:46.463+0000] {dag.py:2585} INFO - Sync 1 DAGs
[2023-05-10T04:13:46.497+0000] {logging_mixin.py:137} INFO - [2023-05-10T04:13:46.497+0000] {dag.py:2606} INFO - Creating ORM DAG for speed_layer_dag
[2023-05-10T04:13:46.525+0000] {logging_mixin.py:137} INFO - [2023-05-10T04:13:46.525+0000] {dag.py:3340} INFO - Setting next_dagrun for speed_layer_dag to 2023-03-20T00:00:00+00:00, run_after=2023-03-20T00:00:00+00:00
[2023-05-10T04:13:46.561+0000] {processor.py:176} INFO - Processing /opt/airflow/dags/speed_layer_dag.py took 0.789 seconds
[2023-05-10T04:14:16.740+0000] {processor.py:154} INFO - Started process (PID=76) to work on /opt/airflow/dags/speed_layer_dag.py
[2023-05-10T04:14:16.743+0000] {processor.py:756} INFO - Processing file /opt/airflow/dags/speed_layer_dag.py for tasks to queue
[2023-05-10T04:14:16.744+0000] {logging_mixin.py:137} INFO - [2023-05-10T04:14:16.743+0000] {dagbag.py:537} INFO - Filling up the DagBag from /opt/airflow/dags/speed_layer_dag.py
[2023-05-10T04:14:16.780+0000] {processor.py:766} INFO - DAG(s) dict_keys(['speed_layer_dag']) retrieved from /opt/airflow/dags/speed_layer_dag.py
[2023-05-10T04:14:16.880+0000] {logging_mixin.py:137} INFO - [2023-05-10T04:14:16.879+0000] {dag.py:2585} INFO - Sync 1 DAGs
[2023-05-10T04:14:16.922+0000] {logging_mixin.py:137} INFO - [2023-05-10T04:14:16.921+0000] {dag.py:3340} INFO - Setting next_dagrun for speed_layer_dag to 2023-03-20T00:00:00+00:00, run_after=2023-03-20T00:00:00+00:00
[2023-05-10T04:14:16.952+0000] {processor.py:176} INFO - Processing /opt/airflow/dags/speed_layer_dag.py took 0.217 seconds
[2023-05-10T04:14:47.116+0000] {processor.py:154} INFO - Started process (PID=103) to work on /opt/airflow/dags/speed_layer_dag.py
[2023-05-10T04:14:47.116+0000] {processor.py:756} INFO - Processing file /opt/airflow/dags/speed_layer_dag.py for tasks to queue
[2023-05-10T04:14:47.117+0000] {logging_mixin.py:137} INFO - [2023-05-10T04:14:47.117+0000] {dagbag.py:537} INFO - Filling up the DagBag from /opt/airflow/dags/speed_layer_dag.py
[2023-05-10T04:14:47.142+0000] {processor.py:766} INFO - DAG(s) dict_keys(['speed_layer_dag']) retrieved from /opt/airflow/dags/speed_layer_dag.py
[2023-05-10T04:14:47.200+0000] {logging_mixin.py:137} INFO - [2023-05-10T04:14:47.200+0000] {dag.py:2585} INFO - Sync 1 DAGs
[2023-05-10T04:14:47.240+0000] {logging_mixin.py:137} INFO - [2023-05-10T04:14:47.240+0000] {dag.py:3340} INFO - Setting next_dagrun for speed_layer_dag to 2023-03-20T00:00:00+00:00, run_after=2023-03-20T00:00:00+00:00
[2023-05-10T04:14:47.267+0000] {processor.py:176} INFO - Processing /opt/airflow/dags/speed_layer_dag.py took 0.156 seconds
[2023-05-10T04:15:17.406+0000] {processor.py:154} INFO - Started process (PID=129) to work on /opt/airflow/dags/speed_layer_dag.py
[2023-05-10T04:15:17.408+0000] {processor.py:756} INFO - Processing file /opt/airflow/dags/speed_layer_dag.py for tasks to queue
[2023-05-10T04:15:17.409+0000] {logging_mixin.py:137} INFO - [2023-05-10T04:15:17.409+0000] {dagbag.py:537} INFO - Filling up the DagBag from /opt/airflow/dags/speed_layer_dag.py
[2023-05-10T04:15:17.426+0000] {processor.py:766} INFO - DAG(s) dict_keys(['speed_layer_dag']) retrieved from /opt/airflow/dags/speed_layer_dag.py
[2023-05-10T04:15:17.477+0000] {logging_mixin.py:137} INFO - [2023-05-10T04:15:17.477+0000] {dag.py:2585} INFO - Sync 1 DAGs
[2023-05-10T04:15:17.509+0000] {logging_mixin.py:137} INFO - [2023-05-10T04:15:17.509+0000] {dag.py:3340} INFO - Setting next_dagrun for speed_layer_dag to 2023-03-20T00:00:00+00:00, run_after=2023-03-20T00:00:00+00:00
[2023-05-10T04:15:17.534+0000] {processor.py:176} INFO - Processing /opt/airflow/dags/speed_layer_dag.py took 0.132 seconds
[2023-05-10T04:15:47.697+0000] {processor.py:154} INFO - Started process (PID=155) to work on /opt/airflow/dags/speed_layer_dag.py
[2023-05-10T04:15:47.697+0000] {processor.py:756} INFO - Processing file /opt/airflow/dags/speed_layer_dag.py for tasks to queue
[2023-05-10T04:15:47.698+0000] {logging_mixin.py:137} INFO - [2023-05-10T04:15:47.698+0000] {dagbag.py:537} INFO - Filling up the DagBag from /opt/airflow/dags/speed_layer_dag.py
[2023-05-10T04:15:47.712+0000] {processor.py:766} INFO - DAG(s) dict_keys(['speed_layer_dag']) retrieved from /opt/airflow/dags/speed_layer_dag.py
[2023-05-10T04:15:47.754+0000] {logging_mixin.py:137} INFO - [2023-05-10T04:15:47.754+0000] {dag.py:2585} INFO - Sync 1 DAGs
[2023-05-10T04:15:47.784+0000] {logging_mixin.py:137} INFO - [2023-05-10T04:15:47.784+0000] {dag.py:3340} INFO - Setting next_dagrun for speed_layer_dag to 2023-03-20T00:00:00+00:00, run_after=2023-03-20T00:00:00+00:00
[2023-05-10T04:15:47.808+0000] {processor.py:176} INFO - Processing /opt/airflow/dags/speed_layer_dag.py took 0.114 seconds
[2023-05-10T04:17:32.435+0000] {processor.py:154} INFO - Started process (PID=51) to work on /opt/airflow/dags/speed_layer_dag.py
[2023-05-10T04:17:32.444+0000] {processor.py:756} INFO - Processing file /opt/airflow/dags/speed_layer_dag.py for tasks to queue
[2023-05-10T04:17:32.446+0000] {logging_mixin.py:137} INFO - [2023-05-10T04:17:32.446+0000] {dagbag.py:537} INFO - Filling up the DagBag from /opt/airflow/dags/speed_layer_dag.py
[2023-05-10T04:17:32.517+0000] {processor.py:766} INFO - DAG(s) dict_keys(['speed_layer_dag']) retrieved from /opt/airflow/dags/speed_layer_dag.py
[2023-05-10T04:17:33.028+0000] {logging_mixin.py:137} INFO - [2023-05-10T04:17:33.028+0000] {manager.py:507} INFO - Created Permission View: can delete on DAG:speed_layer_dag
[2023-05-10T04:17:33.048+0000] {logging_mixin.py:137} INFO - [2023-05-10T04:17:33.048+0000] {manager.py:507} INFO - Created Permission View: can read on DAG:speed_layer_dag
[2023-05-10T04:17:33.073+0000] {logging_mixin.py:137} INFO - [2023-05-10T04:17:33.072+0000] {manager.py:507} INFO - Created Permission View: can edit on DAG:speed_layer_dag
[2023-05-10T04:17:33.073+0000] {logging_mixin.py:137} INFO - [2023-05-10T04:17:33.073+0000] {dag.py:2585} INFO - Sync 1 DAGs
[2023-05-10T04:17:33.117+0000] {logging_mixin.py:137} INFO - [2023-05-10T04:17:33.116+0000] {dag.py:2606} INFO - Creating ORM DAG for speed_layer_dag
[2023-05-10T04:17:33.148+0000] {logging_mixin.py:137} INFO - [2023-05-10T04:17:33.147+0000] {dag.py:3340} INFO - Setting next_dagrun for speed_layer_dag to 2023-03-20T00:00:00+00:00, run_after=2023-03-20T00:00:00+00:00
[2023-05-10T04:17:33.196+0000] {processor.py:176} INFO - Processing /opt/airflow/dags/speed_layer_dag.py took 0.771 seconds
[2023-05-10T04:18:03.380+0000] {processor.py:154} INFO - Started process (PID=76) to work on /opt/airflow/dags/speed_layer_dag.py
[2023-05-10T04:18:03.381+0000] {processor.py:756} INFO - Processing file /opt/airflow/dags/speed_layer_dag.py for tasks to queue
[2023-05-10T04:18:03.381+0000] {logging_mixin.py:137} INFO - [2023-05-10T04:18:03.381+0000] {dagbag.py:537} INFO - Filling up the DagBag from /opt/airflow/dags/speed_layer_dag.py
[2023-05-10T04:18:03.395+0000] {processor.py:766} INFO - DAG(s) dict_keys(['speed_layer_dag']) retrieved from /opt/airflow/dags/speed_layer_dag.py
[2023-05-10T04:18:03.441+0000] {logging_mixin.py:137} INFO - [2023-05-10T04:18:03.441+0000] {dag.py:2585} INFO - Sync 1 DAGs
[2023-05-10T04:18:03.474+0000] {logging_mixin.py:137} INFO - [2023-05-10T04:18:03.473+0000] {dag.py:3340} INFO - Setting next_dagrun for speed_layer_dag to 2023-03-20T00:00:00+00:00, run_after=2023-03-20T00:00:00+00:00
[2023-05-10T04:18:03.500+0000] {processor.py:176} INFO - Processing /opt/airflow/dags/speed_layer_dag.py took 0.123 seconds
[2023-05-10T04:18:33.654+0000] {processor.py:154} INFO - Started process (PID=102) to work on /opt/airflow/dags/speed_layer_dag.py
[2023-05-10T04:18:33.656+0000] {processor.py:756} INFO - Processing file /opt/airflow/dags/speed_layer_dag.py for tasks to queue
[2023-05-10T04:18:33.656+0000] {logging_mixin.py:137} INFO - [2023-05-10T04:18:33.656+0000] {dagbag.py:537} INFO - Filling up the DagBag from /opt/airflow/dags/speed_layer_dag.py
[2023-05-10T04:18:33.676+0000] {processor.py:766} INFO - DAG(s) dict_keys(['speed_layer_dag']) retrieved from /opt/airflow/dags/speed_layer_dag.py
[2023-05-10T04:18:33.724+0000] {logging_mixin.py:137} INFO - [2023-05-10T04:18:33.724+0000] {dag.py:2585} INFO - Sync 1 DAGs
[2023-05-10T04:18:33.750+0000] {logging_mixin.py:137} INFO - [2023-05-10T04:18:33.750+0000] {dag.py:3340} INFO - Setting next_dagrun for speed_layer_dag to 2023-03-20T00:00:00+00:00, run_after=2023-03-20T00:00:00+00:00
[2023-05-10T04:18:33.776+0000] {processor.py:176} INFO - Processing /opt/airflow/dags/speed_layer_dag.py took 0.124 seconds
[2023-05-10T04:19:46.969+0000] {processor.py:154} INFO - Started process (PID=50) to work on /opt/airflow/dags/speed_layer_dag.py
[2023-05-10T04:19:46.981+0000] {processor.py:756} INFO - Processing file /opt/airflow/dags/speed_layer_dag.py for tasks to queue
[2023-05-10T04:19:46.982+0000] {logging_mixin.py:137} INFO - [2023-05-10T04:19:46.982+0000] {dagbag.py:537} INFO - Filling up the DagBag from /opt/airflow/dags/speed_layer_dag.py
[2023-05-10T04:19:47.095+0000] {processor.py:766} INFO - DAG(s) dict_keys(['speed_layer_dag']) retrieved from /opt/airflow/dags/speed_layer_dag.py
[2023-05-10T04:19:47.343+0000] {logging_mixin.py:137} INFO - [2023-05-10T04:19:47.343+0000] {dag.py:2585} INFO - Sync 1 DAGs
[2023-05-10T04:19:47.422+0000] {logging_mixin.py:137} INFO - [2023-05-10T04:19:47.421+0000] {dag.py:3340} INFO - Setting next_dagrun for speed_layer_dag to None, run_after=None
[2023-05-10T04:19:47.483+0000] {processor.py:176} INFO - Processing /opt/airflow/dags/speed_layer_dag.py took 0.526 seconds
[2023-05-10T04:21:31.119+0000] {processor.py:154} INFO - Started process (PID=50) to work on /opt/airflow/dags/speed_layer_dag.py
[2023-05-10T04:21:31.122+0000] {processor.py:756} INFO - Processing file /opt/airflow/dags/speed_layer_dag.py for tasks to queue
[2023-05-10T04:21:31.124+0000] {logging_mixin.py:137} INFO - [2023-05-10T04:21:31.124+0000] {dagbag.py:537} INFO - Filling up the DagBag from /opt/airflow/dags/speed_layer_dag.py
[2023-05-10T04:21:31.192+0000] {processor.py:766} INFO - DAG(s) dict_keys(['speed_layer_dag']) retrieved from /opt/airflow/dags/speed_layer_dag.py
[2023-05-10T04:21:31.416+0000] {logging_mixin.py:137} INFO - [2023-05-10T04:21:31.415+0000] {dag.py:2585} INFO - Sync 1 DAGs
[2023-05-10T04:21:31.468+0000] {logging_mixin.py:137} INFO - [2023-05-10T04:21:31.468+0000] {dag.py:3340} INFO - Setting next_dagrun for speed_layer_dag to None, run_after=None
[2023-05-10T04:21:31.516+0000] {processor.py:176} INFO - Processing /opt/airflow/dags/speed_layer_dag.py took 0.407 seconds
[2023-05-10T04:22:01.701+0000] {processor.py:154} INFO - Started process (PID=75) to work on /opt/airflow/dags/speed_layer_dag.py
[2023-05-10T04:22:01.703+0000] {processor.py:756} INFO - Processing file /opt/airflow/dags/speed_layer_dag.py for tasks to queue
[2023-05-10T04:22:01.705+0000] {logging_mixin.py:137} INFO - [2023-05-10T04:22:01.704+0000] {dagbag.py:537} INFO - Filling up the DagBag from /opt/airflow/dags/speed_layer_dag.py
[2023-05-10T04:22:01.723+0000] {processor.py:766} INFO - DAG(s) dict_keys(['speed_layer_dag']) retrieved from /opt/airflow/dags/speed_layer_dag.py
[2023-05-10T04:22:01.790+0000] {logging_mixin.py:137} INFO - [2023-05-10T04:22:01.789+0000] {dag.py:2585} INFO - Sync 1 DAGs
[2023-05-10T04:22:01.825+0000] {logging_mixin.py:137} INFO - [2023-05-10T04:22:01.825+0000] {dag.py:3340} INFO - Setting next_dagrun for speed_layer_dag to None, run_after=None
[2023-05-10T04:22:01.854+0000] {processor.py:176} INFO - Processing /opt/airflow/dags/speed_layer_dag.py took 0.158 seconds
[2023-05-10T04:22:32.026+0000] {processor.py:154} INFO - Started process (PID=101) to work on /opt/airflow/dags/speed_layer_dag.py
[2023-05-10T04:22:32.027+0000] {processor.py:756} INFO - Processing file /opt/airflow/dags/speed_layer_dag.py for tasks to queue
[2023-05-10T04:22:32.028+0000] {logging_mixin.py:137} INFO - [2023-05-10T04:22:32.028+0000] {dagbag.py:537} INFO - Filling up the DagBag from /opt/airflow/dags/speed_layer_dag.py
[2023-05-10T04:22:32.048+0000] {processor.py:766} INFO - DAG(s) dict_keys(['speed_layer_dag']) retrieved from /opt/airflow/dags/speed_layer_dag.py
[2023-05-10T04:22:32.111+0000] {logging_mixin.py:137} INFO - [2023-05-10T04:22:32.111+0000] {dag.py:2585} INFO - Sync 1 DAGs
[2023-05-10T04:22:32.153+0000] {logging_mixin.py:137} INFO - [2023-05-10T04:22:32.153+0000] {dag.py:3340} INFO - Setting next_dagrun for speed_layer_dag to None, run_after=None
[2023-05-10T04:22:32.191+0000] {processor.py:176} INFO - Processing /opt/airflow/dags/speed_layer_dag.py took 0.170 seconds
[2023-05-10T04:23:02.343+0000] {processor.py:154} INFO - Started process (PID=126) to work on /opt/airflow/dags/speed_layer_dag.py
[2023-05-10T04:23:02.344+0000] {processor.py:756} INFO - Processing file /opt/airflow/dags/speed_layer_dag.py for tasks to queue
[2023-05-10T04:23:02.345+0000] {logging_mixin.py:137} INFO - [2023-05-10T04:23:02.345+0000] {dagbag.py:537} INFO - Filling up the DagBag from /opt/airflow/dags/speed_layer_dag.py
[2023-05-10T04:23:02.359+0000] {processor.py:766} INFO - DAG(s) dict_keys(['speed_layer_dag']) retrieved from /opt/airflow/dags/speed_layer_dag.py
[2023-05-10T04:23:02.419+0000] {logging_mixin.py:137} INFO - [2023-05-10T04:23:02.418+0000] {dag.py:2585} INFO - Sync 1 DAGs
[2023-05-10T04:23:02.450+0000] {logging_mixin.py:137} INFO - [2023-05-10T04:23:02.450+0000] {dag.py:3340} INFO - Setting next_dagrun for speed_layer_dag to None, run_after=None
[2023-05-10T04:23:02.474+0000] {processor.py:176} INFO - Processing /opt/airflow/dags/speed_layer_dag.py took 0.135 seconds
[2023-05-10T04:23:32.537+0000] {processor.py:154} INFO - Started process (PID=154) to work on /opt/airflow/dags/speed_layer_dag.py
[2023-05-10T04:23:32.538+0000] {processor.py:756} INFO - Processing file /opt/airflow/dags/speed_layer_dag.py for tasks to queue
[2023-05-10T04:23:32.539+0000] {logging_mixin.py:137} INFO - [2023-05-10T04:23:32.539+0000] {dagbag.py:537} INFO - Filling up the DagBag from /opt/airflow/dags/speed_layer_dag.py
[2023-05-10T04:23:32.554+0000] {processor.py:766} INFO - DAG(s) dict_keys(['speed_layer_dag']) retrieved from /opt/airflow/dags/speed_layer_dag.py
[2023-05-10T04:23:32.601+0000] {logging_mixin.py:137} INFO - [2023-05-10T04:23:32.601+0000] {dag.py:2585} INFO - Sync 1 DAGs
[2023-05-10T04:23:32.629+0000] {logging_mixin.py:137} INFO - [2023-05-10T04:23:32.629+0000] {dag.py:3340} INFO - Setting next_dagrun for speed_layer_dag to None, run_after=None
[2023-05-10T04:23:32.650+0000] {processor.py:176} INFO - Processing /opt/airflow/dags/speed_layer_dag.py took 0.117 seconds
